<?xml version="1.0" encoding="UTF-8"?>
<!-- Generated by org.testng.reporters.JUnitReportReporter -->
<testsuite hostname="Gagan" failures="0" tests="3" name="practice.test.GetProductInfoTest" time="36.383" errors="0" timestamp="2024-05-01T13:08:31 IST" skipped="0">
  <testcase classname="practice.test.GetProductInfoTest" name="getProductInfoTest" time="11.034"/>
  <testcase classname="practice.test.GetProductInfoTest" name="getProductInfoTest" time="8.433"/>
  <testcase classname="practice.test.GetProductInfoTest" name="getProductInfoTest" time="16.916"/>
</testsuite> <!-- practice.test.GetProductInfoTest -->
