<?xml version="1.0" encoding="UTF-8"?>
<!-- Generated by org.testng.reporters.JUnitReportReporter -->
<testsuite hostname="Gagan" failures="0" tests="1" name="com.comcast.crm.contacttest.CreateContactTest" time="20.905" errors="0" timestamp="2024-05-02T23:27:06 IST" skipped="0">
  <testcase classname="com.comcast.crm.contacttest.CreateContactTest" name="createContactTest" time="20.905"/>
</testsuite> <!-- com.comcast.crm.contacttest.CreateContactTest -->
